<?xml version="1.0" encoding="UTF-8"?>
<testng-results ignored="0" total="1" passed="1" failed="0" skipped="0">
  <reporter-output>
  </reporter-output>
  <suite started-at="2024-04-18T10:16:28 IST" name="Default suite" finished-at="2024-04-18T10:17:07 IST" duration-ms="38655">
    <groups>
      <group name="cucumber">
        <method signature="AbstractTestNGCucumberTests.runScenario(io.cucumber.testng.PickleWrapper,io.cucumber.testng.FeatureWrapper)[pri:0, instance:JobsRunner.TestRunner@48e1f6c7]" name="runScenario" class="io.cucumber.testng.AbstractTestNGCucumberTests"/>
      </group> <!-- cucumber -->
    </groups>
    <test started-at="2024-04-18T10:16:28 IST" name="Default test" finished-at="2024-04-18T10:17:07 IST" duration-ms="38655">
      <class name="JobsRunner.TestRunner">
        <test-method is-config="true" signature="setUpClass(org.testng.ITestContext)[pri:0, instance:JobsRunner.TestRunner@48e1f6c7]" started-at="2024-04-18T10:16:28 IST" name="setUpClass" finished-at="2024-04-18T10:16:28 IST" duration-ms="302" status="PASS">
          <params>
            <param index="0">
              <value>
                <![CDATA[org.testng.TestRunner@58feb6b0]]>
              </value>
            </param>
          </params>
          <reporter-output>
          </reporter-output>
        </test-method> <!-- setUpClass -->
        <test-method signature="runScenario(io.cucumber.testng.PickleWrapper,io.cucumber.testng.FeatureWrapper)[pri:0, instance:JobsRunner.TestRunner@48e1f6c7]" started-at="2024-04-18T10:16:28 IST" name="runScenario" description="Runs Cucumber Scenarios" data-provider="scenarios" finished-at="2024-04-18T10:17:07 IST" duration-ms="38294" status="PASS">
          <params>
            <param index="0">
              <value>
                <![CDATA["Sending Job Feedback to Linkedin"]]>
              </value>
            </param>
            <param index="1">
              <value>
                <![CDATA["Jobs Functionality"]]>
              </value>
            </param>
          </params>
          <reporter-output>
          </reporter-output>
        </test-method> <!-- runScenario -->
        <test-method is-config="true" signature="tearDownClass()[pri:0, instance:JobsRunner.TestRunner@48e1f6c7]" started-at="2024-04-18T10:17:07 IST" name="tearDownClass" finished-at="2024-04-18T10:17:07 IST" duration-ms="3" status="PASS">
          <reporter-output>
          </reporter-output>
        </test-method> <!-- tearDownClass -->
      </class> <!-- JobsRunner.TestRunner -->
    </test> <!-- Default test -->
  </suite> <!-- Default suite -->
</testng-results>
